<?xml version="1.0" encoding="UTF-8"?>
<!-- Generated by org.testng.reporters.JUnitReportReporter -->
<testsuite hostname="LAPTOP-ENTG8N4K" failures="0" tests="1" name="variousconcepts.crmtest" time="7.886" errors="0" timestamp="16 Mar 2022 19:04:07 GMT" skipped="0">
  <testcase classname="variousconcepts.crmtest" name="addcustomerTest" time="7.886"/>
</testsuite> <!-- variousconcepts.crmtest -->
